\BOOKMARK [0][-]{Doc-Start}{Dedication}{}% 1
\BOOKMARK [0][-]{Doc-Start}{Acknowledgements}{}% 2
\BOOKMARK [0][-]{Doc-Start}{Abstract}{}% 3
\BOOKMARK [0][-]{Doc-Start}{ABR\311G\311}{}% 4
\BOOKMARK [0][-]{chapter*.2}{List of Tables}{}% 5
\BOOKMARK [0][-]{chapter*.3}{List of Figures}{}% 6
\BOOKMARK [0][-]{chapter.1}{Introduction}{}% 7
\BOOKMARK [1][-]{section.1.1}{Introduction}{chapter.1}% 8
\BOOKMARK [1][-]{section.1.2}{General Guidelines}{chapter.1}% 9
\BOOKMARK [0][-]{chapter.2}{Usage}{}% 10
\BOOKMARK [0][-]{chapter.3}{The document class options}{}% 11
\BOOKMARK [1][-]{section.3.1}{Font Size Options: 10pt, 11pt or 12pt}{chapter.3}% 12
\BOOKMARK [0][-]{chapter.4}{Title Page}{}% 13
\BOOKMARK [0][-]{chapter.5}{The Thesis FrontSection}{}% 14
\BOOKMARK [1][-]{section.5.1}{Title page\(required\)}{chapter.5}% 15
\BOOKMARK [1][-]{section.5.2}{Dedication}{chapter.5}% 16
\BOOKMARK [1][-]{section.5.3}{Acknowledgments}{chapter.5}% 17
\BOOKMARK [1][-]{section.5.4}{Table of Contents, List of Tables and Figures\(required\)}{chapter.5}% 18
\BOOKMARK [1][-]{section.5.5}{Abstract\(required\)}{chapter.5}% 19
\BOOKMARK [0][-]{chapter.6}{The Thesis "Mainmatter"}{}% 20
\BOOKMARK [1][-]{section.6.1}{Chapter Titles}{chapter.6}% 21
\BOOKMARK [1][-]{section.6.2}{Section Headings}{chapter.6}% 22
\BOOKMARK [1][-]{section.6.3}{Tables and Figures}{chapter.6}% 23
\BOOKMARK [0][-]{chapter.7}{The Thesis "Backmatter"}{}% 24
\BOOKMARK [1][-]{section.7.1}{List of References}{chapter.7}% 25
\BOOKMARK [0][-]{chapter.8}{Special Commands}{}% 26
\BOOKMARK [1][-]{section.8.1}{Automatically Generated Indices}{chapter.8}% 27
\BOOKMARK [1][-]{section.8.2}{Changing the Code . . .}{chapter.8}% 28
\BOOKMARK [1][-]{section.8.3}{An Example Thesis File}{chapter.8}% 29
\BOOKMARK [1][-]{section.8.4}{Special Cases}{chapter.8}% 30
\BOOKMARK [1][-]{section.8.5}{Testing figures and tables.}{chapter.8}% 31
\BOOKMARK [0][-]{chapter.9}{TESTING FOOTNOTES}{}% 32
\BOOKMARK [0][-]{chapter.9}{Appendix A}{}% 33
\BOOKMARK [0][-]{chapter.9}{Appendix B}{}% 34
\BOOKMARK [0][-]{chapter*.8}{References}{}% 35
